[0.439s] Invoking command in '/home/edwinooi/Desktop/foxy_ws/build/turtlebot3_fake_node': CMAKE_PREFIX_PATH=${CMAKE_PREFIX_PATH}:/home/edwinooi/Desktop/foxy_ws/install/ros2_aruco:/home/edwinooi/Desktop/emanual/install/ros2_aruco:/opt/ros/humble /usr/bin/cmake --build /home/edwinooi/Desktop/foxy_ws/build/turtlebot3_fake_node -- -j4 -l4
[0.794s] [35m[1mConsolidate compiler generated dependencies of target turtlebot3_fake_node[0m
[0.975s] [ 50%] [32mBuilding CXX object CMakeFiles/turtlebot3_fake_node.dir/src/turtlebot3_fake_node.cpp.o[0m
[11.168s] [01m[K/home/edwinooi/Desktop/foxy_ws/src/turtlebot3_simulations/turtlebot3_fake_node/src/turtlebot3_fake_node.cpp:[m[K In member function â€˜[01m[Kvoid Turtlebot3Fake::init_parameters()[m[Kâ€™:
[11.168s] [01m[K/home/edwinooi/Desktop/foxy_ws/src/turtlebot3_simulations/turtlebot3_fake_node/src/turtlebot3_fake_node.cpp:75:26:[m[K [01;31m[Kerror: [m[Kno matching function for call to â€˜[01m[KTurtlebot3Fake::declare_parameter(const char [19])[m[Kâ€™
[11.168s]    75 |   [01;31m[Kthis->declare_parameter("joint_states_frame")[m[K;
[11.168s]       |   [01;31m[K~~~~~~~~~~~~~~~~~~~~~~~^~~~~~~~~~~~~~~~~~~~~~[m[K
[11.169s] In file included from [01m[K/opt/ros/humble/include/rclcpp/rclcpp/executors/single_threaded_executor.hpp:28[m[K,
[11.169s]                  from [01m[K/opt/ros/humble/include/rclcpp/rclcpp/executors.hpp:22[m[K,
[11.169s]                  from [01m[K/opt/ros/humble/include/rclcpp/rclcpp/rclcpp.hpp:155[m[K,
[11.169s]                  from [01m[K/home/edwinooi/Desktop/foxy_ws/src/turtlebot3_simulations/turtlebot3_fake_node/include/turtlebot3_fake_node/turtlebot3_fake_node.hpp:21[m[K,
[11.169s]                  from [01m[K/home/edwinooi/Desktop/foxy_ws/src/turtlebot3_simulations/turtlebot3_fake_node/src/turtlebot3_fake_node.cpp:17[m[K:
[11.169s] [01m[K/opt/ros/humble/include/rclcpp/rclcpp/node.hpp:421:3:[m[K [01;36m[Knote: [m[Kcandidate: â€˜[01m[Ktemplate<class ParameterT> auto rclcpp::Node::declare_parameter(const string&, const ParameterT&, const ParameterDescriptor&, bool)[m[Kâ€™
[11.170s]   421 |   [01;36m[Kdeclare_parameter[m[K(
[11.170s]       |   [01;36m[K^~~~~~~~~~~~~~~~~[m[K
[11.173s] [01m[K/opt/ros/humble/include/rclcpp/rclcpp/node.hpp:421:3:[m[K [01;36m[Knote: [m[K  template argument deduction/substitution failed:
[11.173s] [01m[K/home/edwinooi/Desktop/foxy_ws/src/turtlebot3_simulations/turtlebot3_fake_node/src/turtlebot3_fake_node.cpp:75:26:[m[K [01;36m[Knote: [m[K  candidate expects 4 arguments, 1 provided
[11.173s]    75 |   [01;36m[Kthis->declare_parameter("joint_states_frame")[m[K;
[11.173s]       |   [01;36m[K~~~~~~~~~~~~~~~~~~~~~~~^~~~~~~~~~~~~~~~~~~~~~[m[K
[11.173s] In file included from [01m[K/opt/ros/humble/include/rclcpp/rclcpp/executors/single_threaded_executor.hpp:28[m[K,
[11.173s]                  from [01m[K/opt/ros/humble/include/rclcpp/rclcpp/executors.hpp:22[m[K,
[11.173s]                  from [01m[K/opt/ros/humble/include/rclcpp/rclcpp/rclcpp.hpp:155[m[K,
[11.174s]                  from [01m[K/home/edwinooi/Desktop/foxy_ws/src/turtlebot3_simulations/turtlebot3_fake_node/include/turtlebot3_fake_node/turtlebot3_fake_node.hpp:21[m[K,
[11.174s]                  from [01m[K/home/edwinooi/Desktop/foxy_ws/src/turtlebot3_simulations/turtlebot3_fake_node/src/turtlebot3_fake_node.cpp:17[m[K:
[11.174s] [01m[K/opt/ros/humble/include/rclcpp/rclcpp/node.hpp:434:3:[m[K [01;36m[Knote: [m[Kcandidate: â€˜[01m[Ktemplate<class ParameterT> auto rclcpp::Node::declare_parameter(const string&, const ParameterDescriptor&, bool)[m[Kâ€™
[11.174s]   434 |   [01;36m[Kdeclare_parameter[m[K(
[11.174s]       |   [01;36m[K^~~~~~~~~~~~~~~~~[m[K
[11.174s] [01m[K/opt/ros/humble/include/rclcpp/rclcpp/node.hpp:434:3:[m[K [01;36m[Knote: [m[K  template argument deduction/substitution failed:
[11.174s] [01m[K/home/edwinooi/Desktop/foxy_ws/src/turtlebot3_simulations/turtlebot3_fake_node/src/turtlebot3_fake_node.cpp:75:26:[m[K [01;36m[Knote: [m[K  couldnâ€™t deduce template parameter â€˜[01m[KParameterT[m[Kâ€™
[11.174s]    75 |   [01;36m[Kthis->declare_parameter("joint_states_frame")[m[K;
[11.175s]       |   [01;36m[K~~~~~~~~~~~~~~~~~~~~~~~^~~~~~~~~~~~~~~~~~~~~~[m[K
[11.175s] In file included from [01m[K/opt/ros/humble/include/rclcpp/rclcpp/executors/single_threaded_executor.hpp:28[m[K,
[11.175s]                  from [01m[K/opt/ros/humble/include/rclcpp/rclcpp/executors.hpp:22[m[K,
[11.175s]                  from [01m[K/opt/ros/humble/include/rclcpp/rclcpp/rclcpp.hpp:155[m[K,
[11.175s]                  from [01m[K/home/edwinooi/Desktop/foxy_ws/src/turtlebot3_simulations/turtlebot3_fake_node/include/turtlebot3_fake_node/turtlebot3_fake_node.hpp:21[m[K,
[11.183s]                  from [01m[K/home/edwinooi/Desktop/foxy_ws/src/turtlebot3_simulations/turtlebot3_fake_node/src/turtlebot3_fake_node.cpp:17[m[K:
[11.183s] [01m[K/opt/ros/humble/include/rclcpp/rclcpp/node.hpp:366:3:[m[K [01;36m[Knote: [m[Kcandidate: â€˜[01m[Kconst rclcpp::ParameterValue& rclcpp::Node::declare_parameter(const string&, const rclcpp::ParameterValue&, const ParameterDescriptor&, bool)[m[Kâ€™
[11.183s]   366 |   [01;36m[Kdeclare_parameter[m[K(
[11.184s]       |   [01;36m[K^~~~~~~~~~~~~~~~~[m[K
[11.184s] [01m[K/opt/ros/humble/include/rclcpp/rclcpp/node.hpp:366:3:[m[K [01;36m[Knote: [m[K  candidate expects 4 arguments, 1 provided
[11.184s] [01m[K/opt/ros/humble/include/rclcpp/rclcpp/node.hpp:391:3:[m[K [01;36m[Knote: [m[Kcandidate: â€˜[01m[Kconst rclcpp::ParameterValue& rclcpp::Node::declare_parameter(const string&, rclcpp::ParameterType, const ParameterDescriptor&, bool)[m[Kâ€™
[11.184s]   391 |   [01;36m[Kdeclare_parameter[m[K(
[11.184s]       |   [01;36m[K^~~~~~~~~~~~~~~~~[m[K
[11.184s] [01m[K/opt/ros/humble/include/rclcpp/rclcpp/node.hpp:391:3:[m[K [01;36m[Knote: [m[K  candidate expects 4 arguments, 1 provided
[11.184s] [01m[K/home/edwinooi/Desktop/foxy_ws/src/turtlebot3_simulations/turtlebot3_fake_node/src/turtlebot3_fake_node.cpp:76:26:[m[K [01;31m[Kerror: [m[Kno matching function for call to â€˜[01m[KTurtlebot3Fake::declare_parameter(const char [11])[m[Kâ€™
[11.185s]    76 |   [01;31m[Kthis->declare_parameter("odom_frame")[m[K;
[11.185s]       |   [01;31m[K~~~~~~~~~~~~~~~~~~~~~~~^~~~~~~~~~~~~~[m[K
[11.185s] In file included from [01m[K/opt/ros/humble/include/rclcpp/rclcpp/executors/single_threaded_executor.hpp:28[m[K,
[11.185s]                  from [01m[K/opt/ros/humble/include/rclcpp/rclcpp/executors.hpp:22[m[K,
[11.185s]                  from [01m[K/opt/ros/humble/include/rclcpp/rclcpp/rclcpp.hpp:155[m[K,
[11.185s]                  from [01m[K/home/edwinooi/Desktop/foxy_ws/src/turtlebot3_simulations/turtlebot3_fake_node/include/turtlebot3_fake_node/turtlebot3_fake_node.hpp:21[m[K,
[11.199s]                  from [01m[K/home/edwinooi/Desktop/foxy_ws/src/turtlebot3_simulations/turtlebot3_fake_node/src/turtlebot3_fake_node.cpp:17[m[K:
[11.200s] [01m[K/opt/ros/humble/include/rclcpp/rclcpp/node.hpp:421:3:[m[K [01;36m[Knote: [m[Kcandidate: â€˜[01m[Ktemplate<class ParameterT> auto rclcpp::Node::declare_parameter(const string&, const ParameterT&, const ParameterDescriptor&, bool)[m[Kâ€™
[11.200s]   421 |   [01;36m[Kdeclare_parameter[m[K(
[11.200s]       |   [01;36m[K^~~~~~~~~~~~~~~~~[m[K
[11.200s] [01m[K/opt/ros/humble/include/rclcpp/rclcpp/node.hpp:421:3:[m[K [01;36m[Knote: [m[K  template argument deduction/substitution failed:
[11.200s] [01m[K/home/edwinooi/Desktop/foxy_ws/src/turtlebot3_simulations/turtlebot3_fake_node/src/turtlebot3_fake_node.cpp:76:26:[m[K [01;36m[Knote: [m[K  candidate expects 4 arguments, 1 provided
[11.200s]    76 |   [01;36m[Kthis->declare_parameter("odom_frame")[m[K;
[11.200s]       |   [01;36m[K~~~~~~~~~~~~~~~~~~~~~~~^~~~~~~~~~~~~~[m[K
[11.201s] In file included from [01m[K/opt/ros/humble/include/rclcpp/rclcpp/executors/single_threaded_executor.hpp:28[m[K,
[11.201s]                  from [01m[K/opt/ros/humble/include/rclcpp/rclcpp/executors.hpp:22[m[K,
[11.201s]                  from [01m[K/opt/ros/humble/include/rclcpp/rclcpp/rclcpp.hpp:155[m[K,
[11.201s]                  from [01m[K/home/edwinooi/Desktop/foxy_ws/src/turtlebot3_simulations/turtlebot3_fake_node/include/turtlebot3_fake_node/turtlebot3_fake_node.hpp:21[m[K,
[11.201s]                  from [01m[K/home/edwinooi/Desktop/foxy_ws/src/turtlebot3_simulations/turtlebot3_fake_node/src/turtlebot3_fake_node.cpp:17[m[K:
[11.201s] [01m[K/opt/ros/humble/include/rclcpp/rclcpp/node.hpp:434:3:[m[K [01;36m[Knote: [m[Kcandidate: â€˜[01m[Ktemplate<class ParameterT> auto rclcpp::Node::declare_parameter(const string&, const ParameterDescriptor&, bool)[m[Kâ€™
[11.202s]   434 |   [01;36m[Kdeclare_parameter[m[K(
[11.202s]       |   [01;36m[K^~~~~~~~~~~~~~~~~[m[K
[11.202s] [01m[K/opt/ros/humble/include/rclcpp/rclcpp/node.hpp:434:3:[m[K [01;36m[Knote: [m[K  template argument deduction/substitution failed:
[11.202s] [01m[K/home/edwinooi/Desktop/foxy_ws/src/turtlebot3_simulations/turtlebot3_fake_node/src/turtlebot3_fake_node.cpp:76:26:[m[K [01;36m[Knote: [m[K  couldnâ€™t deduce template parameter â€˜[01m[KParameterT[m[Kâ€™
[11.202s]    76 |   [01;36m[Kthis->declare_parameter("odom_frame")[m[K;
[11.202s]       |   [01;36m[K~~~~~~~~~~~~~~~~~~~~~~~^~~~~~~~~~~~~~[m[K
[11.215s] In file included from [01m[K/opt/ros/humble/include/rclcpp/rclcpp/executors/single_threaded_executor.hpp:28[m[K,
[11.215s]                  from [01m[K/opt/ros/humble/include/rclcpp/rclcpp/executors.hpp:22[m[K,
[11.215s]                  from [01m[K/opt/ros/humble/include/rclcpp/rclcpp/rclcpp.hpp:155[m[K,
[11.215s]                  from [01m[K/home/edwinooi/Desktop/foxy_ws/src/turtlebot3_simulations/turtlebot3_fake_node/include/turtlebot3_fake_node/turtlebot3_fake_node.hpp:21[m[K,
[11.216s]                  from [01m[K/home/edwinooi/Desktop/foxy_ws/src/turtlebot3_simulations/turtlebot3_fake_node/src/turtlebot3_fake_node.cpp:17[m[K:
[11.216s] [01m[K/opt/ros/humble/include/rclcpp/rclcpp/node.hpp:366:3:[m[K [01;36m[Knote: [m[Kcandidate: â€˜[01m[Kconst rclcpp::ParameterValue& rclcpp::Node::declare_parameter(const string&, const rclcpp::ParameterValue&, const ParameterDescriptor&, bool)[m[Kâ€™
[11.216s]   366 |   [01;36m[Kdeclare_parameter[m[K(
[11.216s]       |   [01;36m[K^~~~~~~~~~~~~~~~~[m[K
[11.216s] [01m[K/opt/ros/humble/include/rclcpp/rclcpp/node.hpp:366:3:[m[K [01;36m[Knote: [m[K  candidate expects 4 arguments, 1 provided
[11.216s] [01m[K/opt/ros/humble/include/rclcpp/rclcpp/node.hpp:391:3:[m[K [01;36m[Knote: [m[Kcandidate: â€˜[01m[Kconst rclcpp::ParameterValue& rclcpp::Node::declare_parameter(const string&, rclcpp::ParameterType, const ParameterDescriptor&, bool)[m[Kâ€™
[11.217s]   391 |   [01;36m[Kdeclare_parameter[m[K(
[11.217s]       |   [01;36m[K^~~~~~~~~~~~~~~~~[m[K
[11.217s] [01m[K/opt/ros/humble/include/rclcpp/rclcpp/node.hpp:391:3:[m[K [01;36m[Knote: [m[K  candidate expects 4 arguments, 1 provided
[11.217s] [01m[K/home/edwinooi/Desktop/foxy_ws/src/turtlebot3_simulations/turtlebot3_fake_node/src/turtlebot3_fake_node.cpp:77:26:[m[K [01;31m[Kerror: [m[Kno matching function for call to â€˜[01m[KTurtlebot3Fake::declare_parameter(const char [11])[m[Kâ€™
[11.217s]    77 |   [01;31m[Kthis->declare_parameter("base_frame")[m[K;
[11.217s]       |   [01;31m[K~~~~~~~~~~~~~~~~~~~~~~~^~~~~~~~~~~~~~[m[K
[11.217s] In file included from [01m[K/opt/ros/humble/include/rclcpp/rclcpp/executors/single_threaded_executor.hpp:28[m[K,
[11.218s]                  from [01m[K/opt/ros/humble/include/rclcpp/rclcpp/executors.hpp:22[m[K,
[11.218s]                  from [01m[K/opt/ros/humble/include/rclcpp/rclcpp/rclcpp.hpp:155[m[K,
[11.218s]                  from [01m[K/home/edwinooi/Desktop/foxy_ws/src/turtlebot3_simulations/turtlebot3_fake_node/include/turtlebot3_fake_node/turtlebot3_fake_node.hpp:21[m[K,
[11.237s]                  from [01m[K/home/edwinooi/Desktop/foxy_ws/src/turtlebot3_simulations/turtlebot3_fake_node/src/turtlebot3_fake_node.cpp:17[m[K:
[11.237s] [01m[K/opt/ros/humble/include/rclcpp/rclcpp/node.hpp:421:3:[m[K [01;36m[Knote: [m[Kcandidate: â€˜[01m[Ktemplate<class ParameterT> auto rclcpp::Node::declare_parameter(const string&, const ParameterT&, const ParameterDescriptor&, bool)[m[Kâ€™
[11.237s]   421 |   [01;36m[Kdeclare_parameter[m[K(
[11.237s]       |   [01;36m[K^~~~~~~~~~~~~~~~~[m[K
[11.238s] [01m[K/opt/ros/humble/include/rclcpp/rclcpp/node.hpp:421:3:[m[K [01;36m[Knote: [m[K  template argument deduction/substitution failed:
[11.238s] [01m[K/home/edwinooi/Desktop/foxy_ws/src/turtlebot3_simulations/turtlebot3_fake_node/src/turtlebot3_fake_node.cpp:77:26:[m[K [01;36m[Knote: [m[K  candidate expects 4 arguments, 1 provided
[11.238s]    77 |   [01;36m[Kthis->declare_parameter("base_frame")[m[K;
[11.238s]       |   [01;36m[K~~~~~~~~~~~~~~~~~~~~~~~^~~~~~~~~~~~~~[m[K
[11.238s] In file included from [01m[K/opt/ros/humble/include/rclcpp/rclcpp/executors/single_threaded_executor.hpp:28[m[K,
[11.238s]                  from [01m[K/opt/ros/humble/include/rclcpp/rclcpp/executors.hpp:22[m[K,
[11.238s]                  from [01m[K/opt/ros/humble/include/rclcpp/rclcpp/rclcpp.hpp:155[m[K,
[11.239s]                  from [01m[K/home/edwinooi/Desktop/foxy_ws/src/turtlebot3_simulations/turtlebot3_fake_node/include/turtlebot3_fake_node/turtlebot3_fake_node.hpp:21[m[K,
[11.239s]                  from [01m[K/home/edwinooi/Desktop/foxy_ws/src/turtlebot3_simulations/turtlebot3_fake_node/src/turtlebot3_fake_node.cpp:17[m[K:
[11.239s] [01m[K/opt/ros/humble/include/rclcpp/rclcpp/node.hpp:434:3:[m[K [01;36m[Knote: [m[Kcandidate: â€˜[01m[Ktemplate<class ParameterT> auto rclcpp::Node::declare_parameter(const string&, const ParameterDescriptor&, bool)[m[Kâ€™
[11.239s]   434 |   [01;36m[Kdeclare_parameter[m[K(
[11.239s]       |   [01;36m[K^~~~~~~~~~~~~~~~~[m[K
[11.239s] [01m[K/opt/ros/humble/include/rclcpp/rclcpp/node.hpp:434:3:[m[K [01;36m[Knote: [m[K  template argument deduction/substitution failed:
[11.240s] [01m[K/home/edwinooi/Desktop/foxy_ws/src/turtlebot3_simulations/turtlebot3_fake_node/src/turtlebot3_fake_node.cpp:77:26:[m[K [01;36m[Knote: [m[K  couldnâ€™t deduce template parameter â€˜[01m[KParameterT[m[Kâ€™
[11.240s]    77 |   [01;36m[Kthis->declare_parameter("base_frame")[m[K;
[11.240s]       |   [01;36m[K~~~~~~~~~~~~~~~~~~~~~~~^~~~~~~~~~~~~~[m[K
[11.240s] In file included from [01m[K/opt/ros/humble/include/rclcpp/rclcpp/executors/single_threaded_executor.hpp:28[m[K,
[11.240s]                  from [01m[K/opt/ros/humble/include/rclcpp/rclcpp/executors.hpp:22[m[K,
[11.240s]                  from [01m[K/opt/ros/humble/include/rclcpp/rclcpp/rclcpp.hpp:155[m[K,
[11.240s]                  from [01m[K/home/edwinooi/Desktop/foxy_ws/src/turtlebot3_simulations/turtlebot3_fake_node/include/turtlebot3_fake_node/turtlebot3_fake_node.hpp:21[m[K,
[11.241s]                  from [01m[K/home/edwinooi/Desktop/foxy_ws/src/turtlebot3_simulations/turtlebot3_fake_node/src/turtlebot3_fake_node.cpp:17[m[K:
[11.241s] [01m[K/opt/ros/humble/include/rclcpp/rclcpp/node.hpp:366:3:[m[K [01;36m[Knote: [m[Kcandidate: â€˜[01m[Kconst rclcpp::ParameterValue& rclcpp::Node::declare_parameter(const string&, const rclcpp::ParameterValue&, const ParameterDescriptor&, bool)[m[Kâ€™
[11.241s]   366 |   [01;36m[Kdeclare_parameter[m[K(
[11.241s]       |   [01;36m[K^~~~~~~~~~~~~~~~~[m[K
[11.241s] [01m[K/opt/ros/humble/include/rclcpp/rclcpp/node.hpp:366:3:[m[K [01;36m[Knote: [m[K  candidate expects 4 arguments, 1 provided
[11.241s] [01m[K/opt/ros/humble/include/rclcpp/rclcpp/node.hpp:391:3:[m[K [01;36m[Knote: [m[Kcandidate: â€˜[01m[Kconst rclcpp::ParameterValue& rclcpp::Node::declare_parameter(const string&, rclcpp::ParameterType, const ParameterDescriptor&, bool)[m[Kâ€™
[11.241s]   391 |   [01;36m[Kdeclare_parameter[m[K(
[11.242s]       |   [01;36m[K^~~~~~~~~~~~~~~~~[m[K
[11.242s] [01m[K/opt/ros/humble/include/rclcpp/rclcpp/node.hpp:391:3:[m[K [01;36m[Knote: [m[K  candidate expects 4 arguments, 1 provided
[11.242s] [01m[K/home/edwinooi/Desktop/foxy_ws/src/turtlebot3_simulations/turtlebot3_fake_node/src/turtlebot3_fake_node.cpp:78:26:[m[K [01;31m[Kerror: [m[Kno matching function for call to â€˜[01m[KTurtlebot3Fake::declare_parameter(const char [18])[m[Kâ€™
[11.242s]    78 |   [01;31m[Kthis->declare_parameter("wheels.separation")[m[K;
[11.242s]       |   [01;31m[K~~~~~~~~~~~~~~~~~~~~~~~^~~~~~~~~~~~~~~~~~~~~[m[K
[11.242s] In file included from [01m[K/opt/ros/humble/include/rclcpp/rclcpp/executors/single_threaded_executor.hpp:28[m[K,
[11.242s]                  from [01m[K/opt/ros/humble/include/rclcpp/rclcpp/executors.hpp:22[m[K,
[11.263s]                  from [01m[K/opt/ros/humble/include/rclcpp/rclcpp/rclcpp.hpp:155[m[K,
[11.263s]                  from [01m[K/home/edwinooi/Desktop/foxy_ws/src/turtlebot3_simulations/turtlebot3_fake_node/include/turtlebot3_fake_node/turtlebot3_fake_node.hpp:21[m[K,
[11.263s]                  from [01m[K/home/edwinooi/Desktop/foxy_ws/src/turtlebot3_simulations/turtlebot3_fake_node/src/turtlebot3_fake_node.cpp:17[m[K:
[11.263s] [01m[K/opt/ros/humble/include/rclcpp/rclcpp/node.hpp:421:3:[m[K [01;36m[Knote: [m[Kcandidate: â€˜[01m[Ktemplate<class ParameterT> auto rclcpp::Node::declare_parameter(const string&, const ParameterT&, const ParameterDescriptor&, bool)[m[Kâ€™
[11.263s]   421 |   [01;36m[Kdeclare_parameter[m[K(
[11.264s]       |   [01;36m[K^~~~~~~~~~~~~~~~~[m[K
[11.264s] [01m[K/opt/ros/humble/include/rclcpp/rclcpp/node.hpp:421:3:[m[K [01;36m[Knote: [m[K  template argument deduction/substitution failed:
[11.264s] [01m[K/home/edwinooi/Desktop/foxy_ws/src/turtlebot3_simulations/turtlebot3_fake_node/src/turtlebot3_fake_node.cpp:78:26:[m[K [01;36m[Knote: [m[K  candidate expects 4 arguments, 1 provided
[11.264s]    78 |   [01;36m[Kthis->declare_parameter("wheels.separation")[m[K;
[11.264s]       |   [01;36m[K~~~~~~~~~~~~~~~~~~~~~~~^~~~~~~~~~~~~~~~~~~~~[m[K
[11.264s] In file included from [01m[K/opt/ros/humble/include/rclcpp/rclcpp/executors/single_threaded_executor.hpp:28[m[K,
[11.264s]                  from [01m[K/opt/ros/humble/include/rclcpp/rclcpp/executors.hpp:22[m[K,
[11.264s]                  from [01m[K/opt/ros/humble/include/rclcpp/rclcpp/rclcpp.hpp:155[m[K,
[11.265s]                  from [01m[K/home/edwinooi/Desktop/foxy_ws/src/turtlebot3_simulations/turtlebot3_fake_node/include/turtlebot3_fake_node/turtlebot3_fake_node.hpp:21[m[K,
[11.265s]                  from [01m[K/home/edwinooi/Desktop/foxy_ws/src/turtlebot3_simulations/turtlebot3_fake_node/src/turtlebot3_fake_node.cpp:17[m[K:
[11.265s] [01m[K/opt/ros/humble/include/rclcpp/rclcpp/node.hpp:434:3:[m[K [01;36m[Knote: [m[Kcandidate: â€˜[01m[Ktemplate<class ParameterT> auto rclcpp::Node::declare_parameter(const string&, const ParameterDescriptor&, bool)[m[Kâ€™
[11.265s]   434 |   [01;36m[Kdeclare_parameter[m[K(
[11.265s]       |   [01;36m[K^~~~~~~~~~~~~~~~~[m[K
[11.265s] [01m[K/opt/ros/humble/include/rclcpp/rclcpp/node.hpp:434:3:[m[K [01;36m[Knote: [m[K  template argument deduction/substitution failed:
[11.265s] [01m[K/home/edwinooi/Desktop/foxy_ws/src/turtlebot3_simulations/turtlebot3_fake_node/src/turtlebot3_fake_node.cpp:78:26:[m[K [01;36m[Knote: [m[K  couldnâ€™t deduce template parameter â€˜[01m[KParameterT[m[Kâ€™
[11.265s]    78 |   [01;36m[Kthis->declare_parameter("wheels.separation")[m[K;
[11.266s]       |   [01;36m[K~~~~~~~~~~~~~~~~~~~~~~~^~~~~~~~~~~~~~~~~~~~~[m[K
[11.266s] In file included from [01m[K/opt/ros/humble/include/rclcpp/rclcpp/executors/single_threaded_executor.hpp:28[m[K,
[11.266s]                  from [01m[K/opt/ros/humble/include/rclcpp/rclcpp/executors.hpp:22[m[K,
[11.266s]                  from [01m[K/opt/ros/humble/include/rclcpp/rclcpp/rclcpp.hpp:155[m[K,
[11.266s]                  from [01m[K/home/edwinooi/Desktop/foxy_ws/src/turtlebot3_simulations/turtlebot3_fake_node/include/turtlebot3_fake_node/turtlebot3_fake_node.hpp:21[m[K,
[11.266s]                  from [01m[K/home/edwinooi/Desktop/foxy_ws/src/turtlebot3_simulations/turtlebot3_fake_node/src/turtlebot3_fake_node.cpp:17[m[K:
[11.266s] [01m[K/opt/ros/humble/include/rclcpp/rclcpp/node.hpp:366:3:[m[K [01;36m[Knote: [m[Kcandidate: â€˜[01m[Kconst rclcpp::ParameterValue& rclcpp::Node::declare_parameter(const string&, const rclcpp::ParameterValue&, const ParameterDescriptor&, bool)[m[Kâ€™
[11.266s]   366 |   [01;36m[Kdeclare_parameter[m[K(
[11.271s]       |   [01;36m[K^~~~~~~~~~~~~~~~~[m[K
[11.274s] [01m[K/opt/ros/humble/include/rclcpp/rclcpp/node.hpp:366:3:[m[K [01;36m[Knote: [m[K  candidate expects 4 arguments, 1 provided
[11.274s] [01m[K/opt/ros/humble/include/rclcpp/rclcpp/node.hpp:391:3:[m[K [01;36m[Knote: [m[Kcandidate: â€˜[01m[Kconst rclcpp::ParameterValue& rclcpp::Node::declare_parameter(const string&, rclcpp::ParameterType, const ParameterDescriptor&, bool)[m[Kâ€™
[11.274s]   391 |   [01;36m[Kdeclare_parameter[m[K(
[11.274s]       |   [01;36m[K^~~~~~~~~~~~~~~~~[m[K
[11.274s] [01m[K/opt/ros/humble/include/rclcpp/rclcpp/node.hpp:391:3:[m[K [01;36m[Knote: [m[K  candidate expects 4 arguments, 1 provided
[11.275s] [01m[K/home/edwinooi/Desktop/foxy_ws/src/turtlebot3_simulations/turtlebot3_fake_node/src/turtlebot3_fake_node.cpp:79:26:[m[K [01;31m[Kerror: [m[Kno matching function for call to â€˜[01m[KTurtlebot3Fake::declare_parameter(const char [14])[m[Kâ€™
[11.275s]    79 |   [01;31m[Kthis->declare_parameter("wheels.radius")[m[K;
[11.275s]       |   [01;31m[K~~~~~~~~~~~~~~~~~~~~~~~^~~~~~~~~~~~~~~~~[m[K
[11.275s] In file included from [01m[K/opt/ros/humble/include/rclcpp/rclcpp/executors/single_threaded_executor.hpp:28[m[K,
[11.275s]                  from [01m[K/opt/ros/humble/include/rclcpp/rclcpp/executors.hpp:22[m[K,
[11.275s]                  from [01m[K/opt/ros/humble/include/rclcpp/rclcpp/rclcpp.hpp:155[m[K,
[11.276s]                  from [01m[K/home/edwinooi/Desktop/foxy_ws/src/turtlebot3_simulations/turtlebot3_fake_node/include/turtlebot3_fake_node/turtlebot3_fake_node.hpp:21[m[K,
[11.276s]                  from [01m[K/home/edwinooi/Desktop/foxy_ws/src/turtlebot3_simulations/turtlebot3_fake_node/src/turtlebot3_fake_node.cpp:17[m[K:
[11.276s] [01m[K/opt/ros/humble/include/rclcpp/rclcpp/node.hpp:421:3:[m[K [01;36m[Knote: [m[Kcandidate: â€˜[01m[Ktemplate<class ParameterT> auto rclcpp::Node::declare_parameter(const string&, const ParameterT&, const ParameterDescriptor&, bool)[m[Kâ€™
[11.276s]   421 |   [01;36m[Kdeclare_parameter[m[K(
[11.276s]       |   [01;36m[K^~~~~~~~~~~~~~~~~[m[K
[11.276s] [01m[K/opt/ros/humble/include/rclcpp/rclcpp/node.hpp:421:3:[m[K [01;36m[Knote: [m[K  template argument deduction/substitution failed:
[11.276s] [01m[K/home/edwinooi/Desktop/foxy_ws/src/turtlebot3_simulations/turtlebot3_fake_node/src/turtlebot3_fake_node.cpp:79:26:[m[K [01;36m[Knote: [m[K  candidate expects 4 arguments, 1 provided
[11.277s]    79 |   [01;36m[Kthis->declare_parameter("wheels.radius")[m[K;
[11.277s]       |   [01;36m[K~~~~~~~~~~~~~~~~~~~~~~~^~~~~~~~~~~~~~~~~[m[K
[11.277s] In file included from [01m[K/opt/ros/humble/include/rclcpp/rclcpp/executors/single_threaded_executor.hpp:28[m[K,
[11.277s]                  from [01m[K/opt/ros/humble/include/rclcpp/rclcpp/executors.hpp:22[m[K,
[11.277s]                  from [01m[K/opt/ros/humble/include/rclcpp/rclcpp/rclcpp.hpp:155[m[K,
[11.277s]                  from [01m[K/home/edwinooi/Desktop/foxy_ws/src/turtlebot3_simulations/turtlebot3_fake_node/include/turtlebot3_fake_node/turtlebot3_fake_node.hpp:21[m[K,
[11.277s]                  from [01m[K/home/edwinooi/Desktop/foxy_ws/src/turtlebot3_simulations/turtlebot3_fake_node/src/turtlebot3_fake_node.cpp:17[m[K:
[11.278s] [01m[K/opt/ros/humble/include/rclcpp/rclcpp/node.hpp:434:3:[m[K [01;36m[Knote: [m[Kcandidate: â€˜[01m[Ktemplate<class ParameterT> auto rclcpp::Node::declare_parameter(const string&, const ParameterDescriptor&, bool)[m[Kâ€™
[11.278s]   434 |   [01;36m[Kdeclare_parameter[m[K(
[11.278s]       |   [01;36m[K^~~~~~~~~~~~~~~~~[m[K
[11.278s] [01m[K/opt/ros/humble/include/rclcpp/rclcpp/node.hpp:434:3:[m[K [01;36m[Knote: [m[K  template argument deduction/substitution failed:
[11.278s] [01m[K/home/edwinooi/Desktop/foxy_ws/src/turtlebot3_simulations/turtlebot3_fake_node/src/turtlebot3_fake_node.cpp:79:26:[m[K [01;36m[Knote: [m[K  couldnâ€™t deduce template parameter â€˜[01m[KParameterT[m[Kâ€™
[11.278s]    79 |   [01;36m[Kthis->declare_parameter("wheels.radius")[m[K;
[11.278s]       |   [01;36m[K~~~~~~~~~~~~~~~~~~~~~~~^~~~~~~~~~~~~~~~~[m[K
[11.296s] In file included from [01m[K/opt/ros/humble/include/rclcpp/rclcpp/executors/single_threaded_executor.hpp:28[m[K,
[11.296s]                  from [01m[K/opt/ros/humble/include/rclcpp/rclcpp/executors.hpp:22[m[K,
[11.296s]                  from [01m[K/opt/ros/humble/include/rclcpp/rclcpp/rclcpp.hpp:155[m[K,
[11.296s]                  from [01m[K/home/edwinooi/Desktop/foxy_ws/src/turtlebot3_simulations/turtlebot3_fake_node/include/turtlebot3_fake_node/turtlebot3_fake_node.hpp:21[m[K,
[11.296s]                  from [01m[K/home/edwinooi/Desktop/foxy_ws/src/turtlebot3_simulations/turtlebot3_fake_node/src/turtlebot3_fake_node.cpp:17[m[K:
[11.296s] [01m[K/opt/ros/humble/include/rclcpp/rclcpp/node.hpp:366:3:[m[K [01;36m[Knote: [m[Kcandidate: â€˜[01m[Kconst rclcpp::ParameterValue& rclcpp::Node::declare_parameter(const string&, const rclcpp::ParameterValue&, const ParameterDescriptor&, bool)[m[Kâ€™
[11.297s]   366 |   [01;36m[Kdeclare_parameter[m[K(
[11.297s]       |   [01;36m[K^~~~~~~~~~~~~~~~~[m[K
[11.297s] [01m[K/opt/ros/humble/include/rclcpp/rclcpp/node.hpp:366:3:[m[K [01;36m[Knote: [m[K  candidate expects 4 arguments, 1 provided
[11.297s] [01m[K/opt/ros/humble/include/rclcpp/rclcpp/node.hpp:391:3:[m[K [01;36m[Knote: [m[Kcandidate: â€˜[01m[Kconst rclcpp::ParameterValue& rclcpp::Node::declare_parameter(const string&, rclcpp::ParameterType, const ParameterDescriptor&, bool)[m[Kâ€™
[11.297s]   391 |   [01;36m[Kdeclare_parameter[m[K(
[11.297s]       |   [01;36m[K^~~~~~~~~~~~~~~~~[m[K
[11.297s] [01m[K/opt/ros/humble/include/rclcpp/rclcpp/node.hpp:391:3:[m[K [01;36m[Knote: [m[K  candidate expects 4 arguments, 1 provided
[19.239s] gmake[2]: *** [CMakeFiles/turtlebot3_fake_node.dir/build.make:76: CMakeFiles/turtlebot3_fake_node.dir/src/turtlebot3_fake_node.cpp.o] Error 1
[19.246s] gmake[1]: *** [CMakeFiles/Makefile2:137: CMakeFiles/turtlebot3_fake_node.dir/all] Error 2
[19.246s] gmake: *** [Makefile:146: all] Error 2
[19.247s] Invoked command in '/home/edwinooi/Desktop/foxy_ws/build/turtlebot3_fake_node' returned '2': CMAKE_PREFIX_PATH=${CMAKE_PREFIX_PATH}:/home/edwinooi/Desktop/foxy_ws/install/ros2_aruco:/home/edwinooi/Desktop/emanual/install/ros2_aruco:/opt/ros/humble /usr/bin/cmake --build /home/edwinooi/Desktop/foxy_ws/build/turtlebot3_fake_node -- -j4 -l4
