[0.376s] Invoking command in '/home/edwinooi/Desktop/foxy_ws/build/turtlebot3_fake_node': CMAKE_PREFIX_PATH=${CMAKE_PREFIX_PATH}:/home/edwinooi/Desktop/emanual/install/ros2_aruco:/opt/ros/humble /usr/bin/cmake /home/edwinooi/Desktop/foxy_ws/src/turtlebot3_simulations/turtlebot3_fake_node -DCMAKE_INSTALL_PREFIX=/home/edwinooi/Desktop/foxy_ws/install/turtlebot3_fake_node
[0.716s] -- The C compiler identification is GNU 11.4.0
[1.043s] -- The CXX compiler identification is GNU 11.4.0
[1.095s] -- Detecting C compiler ABI info
[1.483s] -- Detecting C compiler ABI info - done
[1.514s] -- Check for working C compiler: /usr/bin/cc - skipped
[1.514s] -- Detecting C compile features
[1.514s] -- Detecting C compile features - done
[1.543s] -- Detecting CXX compiler ABI info
[1.928s] -- Detecting CXX compiler ABI info - done
[2.015s] -- Check for working CXX compiler: /usr/bin/c++ - skipped
[2.016s] -- Detecting CXX compile features
[2.016s] -- Detecting CXX compile features - done
[2.027s] -- Found ament_cmake: 1.3.8 (/opt/ros/humble/share/ament_cmake/cmake)
[2.783s] -- Found Python3: /usr/bin/python3 (found version "3.10.12") found components: Interpreter 
[3.310s] -- Found geometry_msgs: 4.2.3 (/opt/ros/humble/share/geometry_msgs/cmake)
[3.597s] -- Found rosidl_generator_c: 3.1.5 (/opt/ros/humble/share/rosidl_generator_c/cmake)
[3.631s] -- Found rosidl_adapter: 3.1.5 (/opt/ros/humble/share/rosidl_adapter/cmake)
[3.683s] -- Found rosidl_generator_cpp: 3.1.5 (/opt/ros/humble/share/rosidl_generator_cpp/cmake)
[3.776s] -- Using all available rosidl_typesupport_c: rosidl_typesupport_fastrtps_c;rosidl_typesupport_introspection_c
[3.871s] -- Using all available rosidl_typesupport_cpp: rosidl_typesupport_fastrtps_cpp;rosidl_typesupport_introspection_cpp
[4.481s] -- Found nav_msgs: 4.2.3 (/opt/ros/humble/share/nav_msgs/cmake)
[4.999s] -- Found rclcpp: 16.0.8 (/opt/ros/humble/share/rclcpp/cmake)
[5.408s] -- Found rmw_implementation_cmake: 6.1.1 (/opt/ros/humble/share/rmw_implementation_cmake/cmake)
[5.460s] -- Found rmw_fastrtps_cpp: 6.2.6 (/opt/ros/humble/share/rmw_fastrtps_cpp/cmake)
[6.017s] -- Found OpenSSL: /usr/lib/x86_64-linux-gnu/libcrypto.so (found version "3.0.2")  
[6.127s] -- Found FastRTPS: /opt/ros/humble/include  
[6.391s] -- Using RMW implementation 'rmw_fastrtps_cpp' as default
[6.511s] -- Looking for pthread.h
[7.007s] -- Looking for pthread.h - found
[7.011s] -- Performing Test CMAKE_HAVE_LIBC_PTHREAD
[7.319s] -- Performing Test CMAKE_HAVE_LIBC_PTHREAD - Success
[7.329s] -- Found Threads: TRUE  
[8.135s] -- Found sensor_msgs: 4.2.3 (/opt/ros/humble/share/sensor_msgs/cmake)
[8.584s] -- Found tf2: 0.25.6 (/opt/ros/humble/share/tf2/cmake)
[8.685s] -- Found tf2_msgs: 0.25.6 (/opt/ros/humble/share/tf2_msgs/cmake)
[9.659s] -- Found turtlebot3_msgs: 2.2.3 (/opt/ros/humble/share/turtlebot3_msgs/cmake)
[10.579s] -- Configuring done
[10.635s] -- Generating done
[10.635s] -- Build files have been written to: /home/edwinooi/Desktop/foxy_ws/build/turtlebot3_fake_node
[10.762s] Invoked command in '/home/edwinooi/Desktop/foxy_ws/build/turtlebot3_fake_node' returned '0': CMAKE_PREFIX_PATH=${CMAKE_PREFIX_PATH}:/home/edwinooi/Desktop/emanual/install/ros2_aruco:/opt/ros/humble /usr/bin/cmake /home/edwinooi/Desktop/foxy_ws/src/turtlebot3_simulations/turtlebot3_fake_node -DCMAKE_INSTALL_PREFIX=/home/edwinooi/Desktop/foxy_ws/install/turtlebot3_fake_node
[10.764s] Invoking command in '/home/edwinooi/Desktop/foxy_ws/build/turtlebot3_fake_node': CMAKE_PREFIX_PATH=${CMAKE_PREFIX_PATH}:/home/edwinooi/Desktop/emanual/install/ros2_aruco:/opt/ros/humble /usr/bin/cmake --build /home/edwinooi/Desktop/foxy_ws/build/turtlebot3_fake_node -- -j4 -l4
[11.184s] [ 50%] [32mBuilding CXX object CMakeFiles/turtlebot3_fake_node.dir/src/turtlebot3_fake_node.cpp.o[0m
[30.889s] [01m[K/home/edwinooi/Desktop/foxy_ws/src/turtlebot3_simulations/turtlebot3_fake_node/src/turtlebot3_fake_node.cpp:[m[K In member function â€˜[01m[Kvoid Turtlebot3Fake::init_parameters()[m[Kâ€™:
[30.889s] [01m[K/home/edwinooi/Desktop/foxy_ws/src/turtlebot3_simulations/turtlebot3_fake_node/src/turtlebot3_fake_node.cpp:75:26:[m[K [01;31m[Kerror: [m[Kno matching function for call to â€˜[01m[KTurtlebot3Fake::declare_parameter(const char [19])[m[Kâ€™
[30.889s]    75 |   [01;31m[Kthis->declare_parameter("joint_states_frame")[m[K;
[30.889s]       |   [01;31m[K~~~~~~~~~~~~~~~~~~~~~~~^~~~~~~~~~~~~~~~~~~~~~[m[K
[30.896s] In file included from [01m[K/opt/ros/humble/include/rclcpp/rclcpp/executors/single_threaded_executor.hpp:28[m[K,
[30.896s]                  from [01m[K/opt/ros/humble/include/rclcpp/rclcpp/executors.hpp:22[m[K,
[30.896s]                  from [01m[K/opt/ros/humble/include/rclcpp/rclcpp/rclcpp.hpp:155[m[K,
[30.897s]                  from [01m[K/home/edwinooi/Desktop/foxy_ws/src/turtlebot3_simulations/turtlebot3_fake_node/include/turtlebot3_fake_node/turtlebot3_fake_node.hpp:21[m[K,
[30.897s]                  from [01m[K/home/edwinooi/Desktop/foxy_ws/src/turtlebot3_simulations/turtlebot3_fake_node/src/turtlebot3_fake_node.cpp:17[m[K:
[30.897s] [01m[K/opt/ros/humble/include/rclcpp/rclcpp/node.hpp:421:3:[m[K [01;36m[Knote: [m[Kcandidate: â€˜[01m[Ktemplate<class ParameterT> auto rclcpp::Node::declare_parameter(const string&, const ParameterT&, const ParameterDescriptor&, bool)[m[Kâ€™
[30.897s]   421 |   [01;36m[Kdeclare_parameter[m[K(
[30.897s]       |   [01;36m[K^~~~~~~~~~~~~~~~~[m[K
[30.898s] [01m[K/opt/ros/humble/include/rclcpp/rclcpp/node.hpp:421:3:[m[K [01;36m[Knote: [m[K  template argument deduction/substitution failed:
[30.898s] [01m[K/home/edwinooi/Desktop/foxy_ws/src/turtlebot3_simulations/turtlebot3_fake_node/src/turtlebot3_fake_node.cpp:75:26:[m[K [01;36m[Knote: [m[K  candidate expects 4 arguments, 1 provided
[30.898s]    75 |   [01;36m[Kthis->declare_parameter("joint_states_frame")[m[K;
[30.898s]       |   [01;36m[K~~~~~~~~~~~~~~~~~~~~~~~^~~~~~~~~~~~~~~~~~~~~~[m[K
[30.898s] In file included from [01m[K/opt/ros/humble/include/rclcpp/rclcpp/executors/single_threaded_executor.hpp:28[m[K,
[30.898s]                  from [01m[K/opt/ros/humble/include/rclcpp/rclcpp/executors.hpp:22[m[K,
[30.899s]                  from [01m[K/opt/ros/humble/include/rclcpp/rclcpp/rclcpp.hpp:155[m[K,
[30.899s]                  from [01m[K/home/edwinooi/Desktop/foxy_ws/src/turtlebot3_simulations/turtlebot3_fake_node/include/turtlebot3_fake_node/turtlebot3_fake_node.hpp:21[m[K,
[30.899s]                  from [01m[K/home/edwinooi/Desktop/foxy_ws/src/turtlebot3_simulations/turtlebot3_fake_node/src/turtlebot3_fake_node.cpp:17[m[K:
[30.899s] [01m[K/opt/ros/humble/include/rclcpp/rclcpp/node.hpp:434:3:[m[K [01;36m[Knote: [m[Kcandidate: â€˜[01m[Ktemplate<class ParameterT> auto rclcpp::Node::declare_parameter(const string&, const ParameterDescriptor&, bool)[m[Kâ€™
[30.900s]   434 |   [01;36m[Kdeclare_parameter[m[K(
[30.900s]       |   [01;36m[K^~~~~~~~~~~~~~~~~[m[K
[30.900s] [01m[K/opt/ros/humble/include/rclcpp/rclcpp/node.hpp:434:3:[m[K [01;36m[Knote: [m[K  template argument deduction/substitution failed:
[30.902s] [01m[K/home/edwinooi/Desktop/foxy_ws/src/turtlebot3_simulations/turtlebot3_fake_node/src/turtlebot3_fake_node.cpp:75:26:[m[K [01;36m[Knote: [m[K  couldnâ€™t deduce template parameter â€˜[01m[KParameterT[m[Kâ€™
[30.903s]    75 |   [01;36m[Kthis->declare_parameter("joint_states_frame")[m[K;
[30.903s]       |   [01;36m[K~~~~~~~~~~~~~~~~~~~~~~~^~~~~~~~~~~~~~~~~~~~~~[m[K
[30.903s] In file included from [01m[K/opt/ros/humble/include/rclcpp/rclcpp/executors/single_threaded_executor.hpp:28[m[K,
[30.903s]                  from [01m[K/opt/ros/humble/include/rclcpp/rclcpp/executors.hpp:22[m[K,
[30.903s]                  from [01m[K/opt/ros/humble/include/rclcpp/rclcpp/rclcpp.hpp:155[m[K,
[30.903s]                  from [01m[K/home/edwinooi/Desktop/foxy_ws/src/turtlebot3_simulations/turtlebot3_fake_node/include/turtlebot3_fake_node/turtlebot3_fake_node.hpp:21[m[K,
[30.903s]                  from [01m[K/home/edwinooi/Desktop/foxy_ws/src/turtlebot3_simulations/turtlebot3_fake_node/src/turtlebot3_fake_node.cpp:17[m[K:
[30.904s] [01m[K/opt/ros/humble/include/rclcpp/rclcpp/node.hpp:366:3:[m[K [01;36m[Knote: [m[Kcandidate: â€˜[01m[Kconst rclcpp::ParameterValue& rclcpp::Node::declare_parameter(const string&, const rclcpp::ParameterValue&, const ParameterDescriptor&, bool)[m[Kâ€™
[30.904s]   366 |   [01;36m[Kdeclare_parameter[m[K(
[30.904s]       |   [01;36m[K^~~~~~~~~~~~~~~~~[m[K
[30.904s] [01m[K/opt/ros/humble/include/rclcpp/rclcpp/node.hpp:366:3:[m[K [01;36m[Knote: [m[K  candidate expects 4 arguments, 1 provided
[30.904s] [01m[K/opt/ros/humble/include/rclcpp/rclcpp/node.hpp:391:3:[m[K [01;36m[Knote: [m[Kcandidate: â€˜[01m[Kconst rclcpp::ParameterValue& rclcpp::Node::declare_parameter(const string&, rclcpp::ParameterType, const ParameterDescriptor&, bool)[m[Kâ€™
[30.904s]   391 |   [01;36m[Kdeclare_parameter[m[K(
[30.904s]       |   [01;36m[K^~~~~~~~~~~~~~~~~[m[K
[30.904s] [01m[K/opt/ros/humble/include/rclcpp/rclcpp/node.hpp:391:3:[m[K [01;36m[Knote: [m[K  candidate expects 4 arguments, 1 provided
[30.904s] [01m[K/home/edwinooi/Desktop/foxy_ws/src/turtlebot3_simulations/turtlebot3_fake_node/src/turtlebot3_fake_node.cpp:76:26:[m[K [01;31m[Kerror: [m[Kno matching function for call to â€˜[01m[KTurtlebot3Fake::declare_parameter(const char [11])[m[Kâ€™
[30.905s]    76 |   [01;31m[Kthis->declare_parameter("odom_frame")[m[K;
[30.905s]       |   [01;31m[K~~~~~~~~~~~~~~~~~~~~~~~^~~~~~~~~~~~~~[m[K
[30.905s] In file included from [01m[K/opt/ros/humble/include/rclcpp/rclcpp/executors/single_threaded_executor.hpp:28[m[K,
[30.905s]                  from [01m[K/opt/ros/humble/include/rclcpp/rclcpp/executors.hpp:22[m[K,
[30.905s]                  from [01m[K/opt/ros/humble/include/rclcpp/rclcpp/rclcpp.hpp:155[m[K,
[30.905s]                  from [01m[K/home/edwinooi/Desktop/foxy_ws/src/turtlebot3_simulations/turtlebot3_fake_node/include/turtlebot3_fake_node/turtlebot3_fake_node.hpp:21[m[K,
[30.905s]                  from [01m[K/home/edwinooi/Desktop/foxy_ws/src/turtlebot3_simulations/turtlebot3_fake_node/src/turtlebot3_fake_node.cpp:17[m[K:
[30.906s] [01m[K/opt/ros/humble/include/rclcpp/rclcpp/node.hpp:421:3:[m[K [01;36m[Knote: [m[Kcandidate: â€˜[01m[Ktemplate<class ParameterT> auto rclcpp::Node::declare_parameter(const string&, const ParameterT&, const ParameterDescriptor&, bool)[m[Kâ€™
[30.906s]   421 |   [01;36m[Kdeclare_parameter[m[K(
[30.917s]       |   [01;36m[K^~~~~~~~~~~~~~~~~[m[K
[30.917s] [01m[K/opt/ros/humble/include/rclcpp/rclcpp/node.hpp:421:3:[m[K [01;36m[Knote: [m[K  template argument deduction/substitution failed:
[30.918s] [01m[K/home/edwinooi/Desktop/foxy_ws/src/turtlebot3_simulations/turtlebot3_fake_node/src/turtlebot3_fake_node.cpp:76:26:[m[K [01;36m[Knote: [m[K  candidate expects 4 arguments, 1 provided
[30.918s]    76 |   [01;36m[Kthis->declare_parameter("odom_frame")[m[K;
[30.918s]       |   [01;36m[K~~~~~~~~~~~~~~~~~~~~~~~^~~~~~~~~~~~~~[m[K
[30.918s] In file included from [01m[K/opt/ros/humble/include/rclcpp/rclcpp/executors/single_threaded_executor.hpp:28[m[K,
[30.918s]                  from [01m[K/opt/ros/humble/include/rclcpp/rclcpp/executors.hpp:22[m[K,
[30.918s]                  from [01m[K/opt/ros/humble/include/rclcpp/rclcpp/rclcpp.hpp:155[m[K,
[30.918s]                  from [01m[K/home/edwinooi/Desktop/foxy_ws/src/turtlebot3_simulations/turtlebot3_fake_node/include/turtlebot3_fake_node/turtlebot3_fake_node.hpp:21[m[K,
[30.918s]                  from [01m[K/home/edwinooi/Desktop/foxy_ws/src/turtlebot3_simulations/turtlebot3_fake_node/src/turtlebot3_fake_node.cpp:17[m[K:
[30.918s] [01m[K/opt/ros/humble/include/rclcpp/rclcpp/node.hpp:434:3:[m[K [01;36m[Knote: [m[Kcandidate: â€˜[01m[Ktemplate<class ParameterT> auto rclcpp::Node::declare_parameter(const string&, const ParameterDescriptor&, bool)[m[Kâ€™
[30.918s]   434 |   [01;36m[Kdeclare_parameter[m[K(
[30.918s]       |   [01;36m[K^~~~~~~~~~~~~~~~~[m[K
[30.919s] [01m[K/opt/ros/humble/include/rclcpp/rclcpp/node.hpp:434:3:[m[K [01;36m[Knote: [m[K  template argument deduction/substitution failed:
[30.919s] [01m[K/home/edwinooi/Desktop/foxy_ws/src/turtlebot3_simulations/turtlebot3_fake_node/src/turtlebot3_fake_node.cpp:76:26:[m[K [01;36m[Knote: [m[K  couldnâ€™t deduce template parameter â€˜[01m[KParameterT[m[Kâ€™
[30.919s]    76 |   [01;36m[Kthis->declare_parameter("odom_frame")[m[K;
[30.919s]       |   [01;36m[K~~~~~~~~~~~~~~~~~~~~~~~^~~~~~~~~~~~~~[m[K
[30.919s] In file included from [01m[K/opt/ros/humble/include/rclcpp/rclcpp/executors/single_threaded_executor.hpp:28[m[K,
[30.919s]                  from [01m[K/opt/ros/humble/include/rclcpp/rclcpp/executors.hpp:22[m[K,
[30.919s]                  from [01m[K/opt/ros/humble/include/rclcpp/rclcpp/rclcpp.hpp:155[m[K,
[30.919s]                  from [01m[K/home/edwinooi/Desktop/foxy_ws/src/turtlebot3_simulations/turtlebot3_fake_node/include/turtlebot3_fake_node/turtlebot3_fake_node.hpp:21[m[K,
[30.919s]                  from [01m[K/home/edwinooi/Desktop/foxy_ws/src/turtlebot3_simulations/turtlebot3_fake_node/src/turtlebot3_fake_node.cpp:17[m[K:
[30.919s] [01m[K/opt/ros/humble/include/rclcpp/rclcpp/node.hpp:366:3:[m[K [01;36m[Knote: [m[Kcandidate: â€˜[01m[Kconst rclcpp::ParameterValue& rclcpp::Node::declare_parameter(const string&, const rclcpp::ParameterValue&, const ParameterDescriptor&, bool)[m[Kâ€™
[30.920s]   366 |   [01;36m[Kdeclare_parameter[m[K(
[30.920s]       |   [01;36m[K^~~~~~~~~~~~~~~~~[m[K
[30.920s] [01m[K/opt/ros/humble/include/rclcpp/rclcpp/node.hpp:366:3:[m[K [01;36m[Knote: [m[K  candidate expects 4 arguments, 1 provided
[30.920s] [01m[K/opt/ros/humble/include/rclcpp/rclcpp/node.hpp:391:3:[m[K [01;36m[Knote: [m[Kcandidate: â€˜[01m[Kconst rclcpp::ParameterValue& rclcpp::Node::declare_parameter(const string&, rclcpp::ParameterType, const ParameterDescriptor&, bool)[m[Kâ€™
[30.920s]   391 |   [01;36m[Kdeclare_parameter[m[K(
[30.920s]       |   [01;36m[K^~~~~~~~~~~~~~~~~[m[K
[30.920s] [01m[K/opt/ros/humble/include/rclcpp/rclcpp/node.hpp:391:3:[m[K [01;36m[Knote: [m[K  candidate expects 4 arguments, 1 provided
[30.924s] [01m[K/home/edwinooi/Desktop/foxy_ws/src/turtlebot3_simulations/turtlebot3_fake_node/src/turtlebot3_fake_node.cpp:77:26:[m[K [01;31m[Kerror: [m[Kno matching function for call to â€˜[01m[KTurtlebot3Fake::declare_parameter(const char [11])[m[Kâ€™
[30.924s]    77 |   [01;31m[Kthis->declare_parameter("base_frame")[m[K;
[30.924s]       |   [01;31m[K~~~~~~~~~~~~~~~~~~~~~~~^~~~~~~~~~~~~~[m[K
[30.924s] In file included from [01m[K/opt/ros/humble/include/rclcpp/rclcpp/executors/single_threaded_executor.hpp:28[m[K,
[30.925s]                  from [01m[K/opt/ros/humble/include/rclcpp/rclcpp/executors.hpp:22[m[K,
[30.925s]                  from [01m[K/opt/ros/humble/include/rclcpp/rclcpp/rclcpp.hpp:155[m[K,
[30.925s]                  from [01m[K/home/edwinooi/Desktop/foxy_ws/src/turtlebot3_simulations/turtlebot3_fake_node/include/turtlebot3_fake_node/turtlebot3_fake_node.hpp:21[m[K,
[30.925s]                  from [01m[K/home/edwinooi/Desktop/foxy_ws/src/turtlebot3_simulations/turtlebot3_fake_node/src/turtlebot3_fake_node.cpp:17[m[K:
[30.925s] [01m[K/opt/ros/humble/include/rclcpp/rclcpp/node.hpp:421:3:[m[K [01;36m[Knote: [m[Kcandidate: â€˜[01m[Ktemplate<class ParameterT> auto rclcpp::Node::declare_parameter(const string&, const ParameterT&, const ParameterDescriptor&, bool)[m[Kâ€™
[30.925s]   421 |   [01;36m[Kdeclare_parameter[m[K(
[30.925s]       |   [01;36m[K^~~~~~~~~~~~~~~~~[m[K
[30.925s] [01m[K/opt/ros/humble/include/rclcpp/rclcpp/node.hpp:421:3:[m[K [01;36m[Knote: [m[K  template argument deduction/substitution failed:
[30.926s] [01m[K/home/edwinooi/Desktop/foxy_ws/src/turtlebot3_simulations/turtlebot3_fake_node/src/turtlebot3_fake_node.cpp:77:26:[m[K [01;36m[Knote: [m[K  candidate expects 4 arguments, 1 provided
[30.926s]    77 |   [01;36m[Kthis->declare_parameter("base_frame")[m[K;
[30.926s]       |   [01;36m[K~~~~~~~~~~~~~~~~~~~~~~~^~~~~~~~~~~~~~[m[K
[30.926s] In file included from [01m[K/opt/ros/humble/include/rclcpp/rclcpp/executors/single_threaded_executor.hpp:28[m[K,
[30.926s]                  from [01m[K/opt/ros/humble/include/rclcpp/rclcpp/executors.hpp:22[m[K,
[30.926s]                  from [01m[K/opt/ros/humble/include/rclcpp/rclcpp/rclcpp.hpp:155[m[K,
[30.926s]                  from [01m[K/home/edwinooi/Desktop/foxy_ws/src/turtlebot3_simulations/turtlebot3_fake_node/include/turtlebot3_fake_node/turtlebot3_fake_node.hpp:21[m[K,
[30.926s]                  from [01m[K/home/edwinooi/Desktop/foxy_ws/src/turtlebot3_simulations/turtlebot3_fake_node/src/turtlebot3_fake_node.cpp:17[m[K:
[30.927s] [01m[K/opt/ros/humble/include/rclcpp/rclcpp/node.hpp:434:3:[m[K [01;36m[Knote: [m[Kcandidate: â€˜[01m[Ktemplate<class ParameterT> auto rclcpp::Node::declare_parameter(const string&, const ParameterDescriptor&, bool)[m[Kâ€™
[30.927s]   434 |   [01;36m[Kdeclare_parameter[m[K(
[30.927s]       |   [01;36m[K^~~~~~~~~~~~~~~~~[m[K
[30.927s] [01m[K/opt/ros/humble/include/rclcpp/rclcpp/node.hpp:434:3:[m[K [01;36m[Knote: [m[K  template argument deduction/substitution failed:
[30.927s] [01m[K/home/edwinooi/Desktop/foxy_ws/src/turtlebot3_simulations/turtlebot3_fake_node/src/turtlebot3_fake_node.cpp:77:26:[m[K [01;36m[Knote: [m[K  couldnâ€™t deduce template parameter â€˜[01m[KParameterT[m[Kâ€™
[30.927s]    77 |   [01;36m[Kthis->declare_parameter("base_frame")[m[K;
[30.944s]       |   [01;36m[K~~~~~~~~~~~~~~~~~~~~~~~^~~~~~~~~~~~~~[m[K
[30.944s] In file included from [01m[K/opt/ros/humble/include/rclcpp/rclcpp/executors/single_threaded_executor.hpp:28[m[K,
[30.944s]                  from [01m[K/opt/ros/humble/include/rclcpp/rclcpp/executors.hpp:22[m[K,
[30.944s]                  from [01m[K/opt/ros/humble/include/rclcpp/rclcpp/rclcpp.hpp:155[m[K,
[30.944s]                  from [01m[K/home/edwinooi/Desktop/foxy_ws/src/turtlebot3_simulations/turtlebot3_fake_node/include/turtlebot3_fake_node/turtlebot3_fake_node.hpp:21[m[K,
[30.944s]                  from [01m[K/home/edwinooi/Desktop/foxy_ws/src/turtlebot3_simulations/turtlebot3_fake_node/src/turtlebot3_fake_node.cpp:17[m[K:
[30.944s] [01m[K/opt/ros/humble/include/rclcpp/rclcpp/node.hpp:366:3:[m[K [01;36m[Knote: [m[Kcandidate: â€˜[01m[Kconst rclcpp::ParameterValue& rclcpp::Node::declare_parameter(const string&, const rclcpp::ParameterValue&, const ParameterDescriptor&, bool)[m[Kâ€™
[30.945s]   366 |   [01;36m[Kdeclare_parameter[m[K(
[30.945s]       |   [01;36m[K^~~~~~~~~~~~~~~~~[m[K
[30.945s] [01m[K/opt/ros/humble/include/rclcpp/rclcpp/node.hpp:366:3:[m[K [01;36m[Knote: [m[K  candidate expects 4 arguments, 1 provided
[30.945s] [01m[K/opt/ros/humble/include/rclcpp/rclcpp/node.hpp:391:3:[m[K [01;36m[Knote: [m[Kcandidate: â€˜[01m[Kconst rclcpp::ParameterValue& rclcpp::Node::declare_parameter(const string&, rclcpp::ParameterType, const ParameterDescriptor&, bool)[m[Kâ€™
[30.945s]   391 |   [01;36m[Kdeclare_parameter[m[K(
[30.945s]       |   [01;36m[K^~~~~~~~~~~~~~~~~[m[K
[30.945s] [01m[K/opt/ros/humble/include/rclcpp/rclcpp/node.hpp:391:3:[m[K [01;36m[Knote: [m[K  candidate expects 4 arguments, 1 provided
[30.945s] [01m[K/home/edwinooi/Desktop/foxy_ws/src/turtlebot3_simulations/turtlebot3_fake_node/src/turtlebot3_fake_node.cpp:78:26:[m[K [01;31m[Kerror: [m[Kno matching function for call to â€˜[01m[KTurtlebot3Fake::declare_parameter(const char [18])[m[Kâ€™
[30.945s]    78 |   [01;31m[Kthis->declare_parameter("wheels.separation")[m[K;
[30.946s]       |   [01;31m[K~~~~~~~~~~~~~~~~~~~~~~~^~~~~~~~~~~~~~~~~~~~~[m[K
[30.946s] In file included from [01m[K/opt/ros/humble/include/rclcpp/rclcpp/executors/single_threaded_executor.hpp:28[m[K,
[30.946s]                  from [01m[K/opt/ros/humble/include/rclcpp/rclcpp/executors.hpp:22[m[K,
[30.946s]                  from [01m[K/opt/ros/humble/include/rclcpp/rclcpp/rclcpp.hpp:155[m[K,
[30.946s]                  from [01m[K/home/edwinooi/Desktop/foxy_ws/src/turtlebot3_simulations/turtlebot3_fake_node/include/turtlebot3_fake_node/turtlebot3_fake_node.hpp:21[m[K,
[30.946s]                  from [01m[K/home/edwinooi/Desktop/foxy_ws/src/turtlebot3_simulations/turtlebot3_fake_node/src/turtlebot3_fake_node.cpp:17[m[K:
[30.946s] [01m[K/opt/ros/humble/include/rclcpp/rclcpp/node.hpp:421:3:[m[K [01;36m[Knote: [m[Kcandidate: â€˜[01m[Ktemplate<class ParameterT> auto rclcpp::Node::declare_parameter(const string&, const ParameterT&, const ParameterDescriptor&, bool)[m[Kâ€™
[30.946s]   421 |   [01;36m[Kdeclare_parameter[m[K(
[30.947s]       |   [01;36m[K^~~~~~~~~~~~~~~~~[m[K
[30.947s] [01m[K/opt/ros/humble/include/rclcpp/rclcpp/node.hpp:421:3:[m[K [01;36m[Knote: [m[K  template argument deduction/substitution failed:
[30.947s] [01m[K/home/edwinooi/Desktop/foxy_ws/src/turtlebot3_simulations/turtlebot3_fake_node/src/turtlebot3_fake_node.cpp:78:26:[m[K [01;36m[Knote: [m[K  candidate expects 4 arguments, 1 provided
[30.947s]    78 |   [01;36m[Kthis->declare_parameter("wheels.separation")[m[K;
[30.947s]       |   [01;36m[K~~~~~~~~~~~~~~~~~~~~~~~^~~~~~~~~~~~~~~~~~~~~[m[K
[30.959s] In file included from [01m[K/opt/ros/humble/include/rclcpp/rclcpp/executors/single_threaded_executor.hpp:28[m[K,
[30.960s]                  from [01m[K/opt/ros/humble/include/rclcpp/rclcpp/executors.hpp:22[m[K,
[30.960s]                  from [01m[K/opt/ros/humble/include/rclcpp/rclcpp/rclcpp.hpp:155[m[K,
[30.960s]                  from [01m[K/home/edwinooi/Desktop/foxy_ws/src/turtlebot3_simulations/turtlebot3_fake_node/include/turtlebot3_fake_node/turtlebot3_fake_node.hpp:21[m[K,
[30.960s]                  from [01m[K/home/edwinooi/Desktop/foxy_ws/src/turtlebot3_simulations/turtlebot3_fake_node/src/turtlebot3_fake_node.cpp:17[m[K:
[30.960s] [01m[K/opt/ros/humble/include/rclcpp/rclcpp/node.hpp:434:3:[m[K [01;36m[Knote: [m[Kcandidate: â€˜[01m[Ktemplate<class ParameterT> auto rclcpp::Node::declare_parameter(const string&, const ParameterDescriptor&, bool)[m[Kâ€™
[30.960s]   434 |   [01;36m[Kdeclare_parameter[m[K(
[30.960s]       |   [01;36m[K^~~~~~~~~~~~~~~~~[m[K
[30.960s] [01m[K/opt/ros/humble/include/rclcpp/rclcpp/node.hpp:434:3:[m[K [01;36m[Knote: [m[K  template argument deduction/substitution failed:
[30.961s] [01m[K/home/edwinooi/Desktop/foxy_ws/src/turtlebot3_simulations/turtlebot3_fake_node/src/turtlebot3_fake_node.cpp:78:26:[m[K [01;36m[Knote: [m[K  couldnâ€™t deduce template parameter â€˜[01m[KParameterT[m[Kâ€™
[30.965s]    78 |   [01;36m[Kthis->declare_parameter("wheels.separation")[m[K;
[30.965s]       |   [01;36m[K~~~~~~~~~~~~~~~~~~~~~~~^~~~~~~~~~~~~~~~~~~~~[m[K
[30.965s] In file included from [01m[K/opt/ros/humble/include/rclcpp/rclcpp/executors/single_threaded_executor.hpp:28[m[K,
[30.966s]                  from [01m[K/opt/ros/humble/include/rclcpp/rclcpp/executors.hpp:22[m[K,
[30.966s]                  from [01m[K/opt/ros/humble/include/rclcpp/rclcpp/rclcpp.hpp:155[m[K,
[30.966s]                  from [01m[K/home/edwinooi/Desktop/foxy_ws/src/turtlebot3_simulations/turtlebot3_fake_node/include/turtlebot3_fake_node/turtlebot3_fake_node.hpp:21[m[K,
[30.966s]                  from [01m[K/home/edwinooi/Desktop/foxy_ws/src/turtlebot3_simulations/turtlebot3_fake_node/src/turtlebot3_fake_node.cpp:17[m[K:
[30.966s] [01m[K/opt/ros/humble/include/rclcpp/rclcpp/node.hpp:366:3:[m[K [01;36m[Knote: [m[Kcandidate: â€˜[01m[Kconst rclcpp::ParameterValue& rclcpp::Node::declare_parameter(const string&, const rclcpp::ParameterValue&, const ParameterDescriptor&, bool)[m[Kâ€™
[30.966s]   366 |   [01;36m[Kdeclare_parameter[m[K(
[30.966s]       |   [01;36m[K^~~~~~~~~~~~~~~~~[m[K
[30.966s] [01m[K/opt/ros/humble/include/rclcpp/rclcpp/node.hpp:366:3:[m[K [01;36m[Knote: [m[K  candidate expects 4 arguments, 1 provided
[30.966s] [01m[K/opt/ros/humble/include/rclcpp/rclcpp/node.hpp:391:3:[m[K [01;36m[Knote: [m[Kcandidate: â€˜[01m[Kconst rclcpp::ParameterValue& rclcpp::Node::declare_parameter(const string&, rclcpp::ParameterType, const ParameterDescriptor&, bool)[m[Kâ€™
[30.967s]   391 |   [01;36m[Kdeclare_parameter[m[K(
[30.967s]       |   [01;36m[K^~~~~~~~~~~~~~~~~[m[K
[30.967s] [01m[K/opt/ros/humble/include/rclcpp/rclcpp/node.hpp:391:3:[m[K [01;36m[Knote: [m[K  candidate expects 4 arguments, 1 provided
[30.967s] [01m[K/home/edwinooi/Desktop/foxy_ws/src/turtlebot3_simulations/turtlebot3_fake_node/src/turtlebot3_fake_node.cpp:79:26:[m[K [01;31m[Kerror: [m[Kno matching function for call to â€˜[01m[KTurtlebot3Fake::declare_parameter(const char [14])[m[Kâ€™
[30.967s]    79 |   [01;31m[Kthis->declare_parameter("wheels.radius")[m[K;
[30.967s]       |   [01;31m[K~~~~~~~~~~~~~~~~~~~~~~~^~~~~~~~~~~~~~~~~[m[K
[30.975s] In file included from [01m[K/opt/ros/humble/include/rclcpp/rclcpp/executors/single_threaded_executor.hpp:28[m[K,
[30.979s]                  from [01m[K/opt/ros/humble/include/rclcpp/rclcpp/executors.hpp:22[m[K,
[30.980s]                  from [01m[K/opt/ros/humble/include/rclcpp/rclcpp/rclcpp.hpp:155[m[K,
[30.980s]                  from [01m[K/home/edwinooi/Desktop/foxy_ws/src/turtlebot3_simulations/turtlebot3_fake_node/include/turtlebot3_fake_node/turtlebot3_fake_node.hpp:21[m[K,
[30.980s]                  from [01m[K/home/edwinooi/Desktop/foxy_ws/src/turtlebot3_simulations/turtlebot3_fake_node/src/turtlebot3_fake_node.cpp:17[m[K:
[30.980s] [01m[K/opt/ros/humble/include/rclcpp/rclcpp/node.hpp:421:3:[m[K [01;36m[Knote: [m[Kcandidate: â€˜[01m[Ktemplate<class ParameterT> auto rclcpp::Node::declare_parameter(const string&, const ParameterT&, const ParameterDescriptor&, bool)[m[Kâ€™
[30.980s]   421 |   [01;36m[Kdeclare_parameter[m[K(
[30.980s]       |   [01;36m[K^~~~~~~~~~~~~~~~~[m[K
[30.980s] [01m[K/opt/ros/humble/include/rclcpp/rclcpp/node.hpp:421:3:[m[K [01;36m[Knote: [m[K  template argument deduction/substitution failed:
[30.981s] [01m[K/home/edwinooi/Desktop/foxy_ws/src/turtlebot3_simulations/turtlebot3_fake_node/src/turtlebot3_fake_node.cpp:79:26:[m[K [01;36m[Knote: [m[K  candidate expects 4 arguments, 1 provided
[30.981s]    79 |   [01;36m[Kthis->declare_parameter("wheels.radius")[m[K;
[30.981s]       |   [01;36m[K~~~~~~~~~~~~~~~~~~~~~~~^~~~~~~~~~~~~~~~~[m[K
[30.981s] In file included from [01m[K/opt/ros/humble/include/rclcpp/rclcpp/executors/single_threaded_executor.hpp:28[m[K,
[30.981s]                  from [01m[K/opt/ros/humble/include/rclcpp/rclcpp/executors.hpp:22[m[K,
[30.981s]                  from [01m[K/opt/ros/humble/include/rclcpp/rclcpp/rclcpp.hpp:155[m[K,
[30.981s]                  from [01m[K/home/edwinooi/Desktop/foxy_ws/src/turtlebot3_simulations/turtlebot3_fake_node/include/turtlebot3_fake_node/turtlebot3_fake_node.hpp:21[m[K,
[30.982s]                  from [01m[K/home/edwinooi/Desktop/foxy_ws/src/turtlebot3_simulations/turtlebot3_fake_node/src/turtlebot3_fake_node.cpp:17[m[K:
[30.982s] [01m[K/opt/ros/humble/include/rclcpp/rclcpp/node.hpp:434:3:[m[K [01;36m[Knote: [m[Kcandidate: â€˜[01m[Ktemplate<class ParameterT> auto rclcpp::Node::declare_parameter(const string&, const ParameterDescriptor&, bool)[m[Kâ€™
[30.982s]   434 |   [01;36m[Kdeclare_parameter[m[K(
[30.982s]       |   [01;36m[K^~~~~~~~~~~~~~~~~[m[K
[30.982s] [01m[K/opt/ros/humble/include/rclcpp/rclcpp/node.hpp:434:3:[m[K [01;36m[Knote: [m[K  template argument deduction/substitution failed:
[30.982s] [01m[K/home/edwinooi/Desktop/foxy_ws/src/turtlebot3_simulations/turtlebot3_fake_node/src/turtlebot3_fake_node.cpp:79:26:[m[K [01;36m[Knote: [m[K  couldnâ€™t deduce template parameter â€˜[01m[KParameterT[m[Kâ€™
[30.982s]    79 |   [01;36m[Kthis->declare_parameter("wheels.radius")[m[K;
[30.983s]       |   [01;36m[K~~~~~~~~~~~~~~~~~~~~~~~^~~~~~~~~~~~~~~~~[m[K
[30.983s] In file included from [01m[K/opt/ros/humble/include/rclcpp/rclcpp/executors/single_threaded_executor.hpp:28[m[K,
[30.983s]                  from [01m[K/opt/ros/humble/include/rclcpp/rclcpp/executors.hpp:22[m[K,
[30.983s]                  from [01m[K/opt/ros/humble/include/rclcpp/rclcpp/rclcpp.hpp:155[m[K,
[30.983s]                  from [01m[K/home/edwinooi/Desktop/foxy_ws/src/turtlebot3_simulations/turtlebot3_fake_node/include/turtlebot3_fake_node/turtlebot3_fake_node.hpp:21[m[K,
[30.983s]                  from [01m[K/home/edwinooi/Desktop/foxy_ws/src/turtlebot3_simulations/turtlebot3_fake_node/src/turtlebot3_fake_node.cpp:17[m[K:
[30.983s] [01m[K/opt/ros/humble/include/rclcpp/rclcpp/node.hpp:366:3:[m[K [01;36m[Knote: [m[Kcandidate: â€˜[01m[Kconst rclcpp::ParameterValue& rclcpp::Node::declare_parameter(const string&, const rclcpp::ParameterValue&, const ParameterDescriptor&, bool)[m[Kâ€™
[30.983s]   366 |   [01;36m[Kdeclare_parameter[m[K(
[30.984s]       |   [01;36m[K^~~~~~~~~~~~~~~~~[m[K
[30.991s] [01m[K/opt/ros/humble/include/rclcpp/rclcpp/node.hpp:366:3:[m[K [01;36m[Knote: [m[K  candidate expects 4 arguments, 1 provided
[30.992s] [01m[K/opt/ros/humble/include/rclcpp/rclcpp/node.hpp:391:3:[m[K [01;36m[Knote: [m[Kcandidate: â€˜[01m[Kconst rclcpp::ParameterValue& rclcpp::Node::declare_parameter(const string&, rclcpp::ParameterType, const ParameterDescriptor&, bool)[m[Kâ€™
[30.992s]   391 |   [01;36m[Kdeclare_parameter[m[K(
[30.992s]       |   [01;36m[K^~~~~~~~~~~~~~~~~[m[K
[30.992s] [01m[K/opt/ros/humble/include/rclcpp/rclcpp/node.hpp:391:3:[m[K [01;36m[Knote: [m[K  candidate expects 4 arguments, 1 provided
[44.737s] gmake[2]: *** [CMakeFiles/turtlebot3_fake_node.dir/build.make:76: CMakeFiles/turtlebot3_fake_node.dir/src/turtlebot3_fake_node.cpp.o] Error 1
[44.737s] gmake[1]: *** [CMakeFiles/Makefile2:137: CMakeFiles/turtlebot3_fake_node.dir/all] Error 2
[44.737s] gmake: *** [Makefile:146: all] Error 2
[44.741s] Invoked command in '/home/edwinooi/Desktop/foxy_ws/build/turtlebot3_fake_node' returned '2': CMAKE_PREFIX_PATH=${CMAKE_PREFIX_PATH}:/home/edwinooi/Desktop/emanual/install/ros2_aruco:/opt/ros/humble /usr/bin/cmake --build /home/edwinooi/Desktop/foxy_ws/build/turtlebot3_fake_node -- -j4 -l4
